2025-01-10T17:03:09 | touched: contracts/Nearprotocol.sol
2025-06-05T22:46:06 | touched: hardhat.config.js
2025-09-05T22:27:42 | touched: package.json
2025-12-04T18:26:25 | touched: package.json
2026-01-04T11:11:26 | touched: hardhat.config.js
2025-03-22T02:34:40 | touched: hardhat.config.js
2025-07-24T16:31:31 | touched: hardhat.config.js
2026-01-06T15:27:15 | touched: contracts/Nearprotocol.sol
2025-06-20T07:09:33 | touched: scripts/deploy.js
2025-07-10T14:02:08 | touched: LICENSE
2025-06-03T20:05:26 | touched: test/Nearprotocol.test.js
2025-10-19T15:03:27 | touched: test/Nearprotocol.test.js
2025-12-02T05:58:46 | touched: hardhat.config.js
2025-09-16T13:57:41 | touched: scripts/deploy.js
2025-10-28T23:45:44 | touched: package.json
2025-08-18T03:33:39 | touched: README.md
2025-07-10T07:41:22 | touched: .env.example
2025-05-05T10:55:53 | touched: LICENSE
2025-02-26T04:01:12 | touched: README.md
2025-05-28T17:13:05 | touched: LICENSE
2025-11-24T13:54:52 | touched: .env.example
2025-12-01T04:04:01 | touched: LICENSE
2025-03-01T08:57:03 | touched: LICENSE
2025-08-08T17:07:12 | touched: .env.example
2025-06-14T10:23:41 | touched: hardhat.config.js
